d:\mat-assignemt-2\mat 2\x64\debug\vc143.pdb
d:\mat-assignemt-2\mat 2\x64\debug\vc143.idb
d:\mat-assignemt-2\mat 2\x64\debug\specialability.obj
d:\mat-assignemt-2\mat 2\x64\debug\player.obj
d:\mat-assignemt-2\mat 2\x64\debug\main.obj
d:\mat-assignemt-2\mat 2\x64\debug\levels.obj
d:\mat-assignemt-2\mat 2\x64\debug\hero.obj
d:\mat-assignemt-2\mat 2\x64\debug\gameflow.obj
d:\mat-assignemt-2\mat 2\x64\debug\finalbosspecialabilities.obj
d:\mat-assignemt-2\mat 2\x64\debug\enemy.obj
d:\mat-assignemt-2\mat 2\x64\debug\attaklogic.obj
d:\mat-assignemt-2\x64\debug\mat 2.exe
d:\mat-assignemt-2\x64\debug\mat 2.pdb
d:\mat-assignemt-2\mat 2\x64\debug\mat 2.ilk
d:\mat-assignemt-2\mat 2\x64\debug\mat 2.tlog\cl.command.1.tlog
d:\mat-assignemt-2\mat 2\x64\debug\mat 2.tlog\cl.items.tlog
d:\mat-assignemt-2\mat 2\x64\debug\mat 2.tlog\cl.read.1.tlog
d:\mat-assignemt-2\mat 2\x64\debug\mat 2.tlog\cl.write.1.tlog
d:\mat-assignemt-2\mat 2\x64\debug\mat 2.tlog\link.command.1.tlog
d:\mat-assignemt-2\mat 2\x64\debug\mat 2.tlog\link.read.1.tlog
d:\mat-assignemt-2\mat 2\x64\debug\mat 2.tlog\link.secondary.1.tlog
d:\mat-assignemt-2\mat 2\x64\debug\mat 2.tlog\link.write.1.tlog
